<?xml version="1.0" encoding="UTF-8"?>
<!-- Generated by org.testng.reporters.JUnitReportReporter -->
<testsuite skipped="0" hostname="sreekanth-PC" name="Tests.AtLoginInvalidBlank" tests="2" failures="0" timestamp="28 Apr 2018 19:00:11 GMT" time="3.157" errors="0">
  <testcase name="loginInValidTest" time="0.401" classname="Tests.AtLoginInvalidBlank"/>
  <testcase name="loginInValidTest" time="2.756" classname="Tests.AtLoginInvalidBlank"/>
</testsuite> <!-- Tests.AtLoginInvalidBlank -->
